<?xml version="1.0" encoding="UTF-8"?>
<!-- Generated by org.testng.reporters.JUnitReportReporter -->
<testsuite hostname="NGBLR-MAC71s-MacBook-Pro.local" name="com.qa.tests.TestOfBookList" tests="4" failures="0" timestamp="3 Nov 2019 07:32:50 GMT" time="4.075" errors="0">
  <testcase name="getApiTestWithTokenBearer" time="0.677" classname="com.qa.tests.TestOfBookList"/>
  <testcase name="getThebookCount" time="0.652" classname="com.qa.tests.TestOfBookList"/>
  <testcase name="getNegativeMovieList" time="0.664" classname="com.qa.tests.TestOfBookList"/>
  <testcase name="getMovieIdAndSpecificStatus" time="2.082" classname="com.qa.tests.TestOfBookList"/>
</testsuite> <!-- com.qa.tests.TestOfBookList -->
